<?xml version="1.0" encoding="UTF-8"?>
<testng-results ignored="0" total="1" passed="1" failed="0" skipped="0">
  <reporter-output>
  </reporter-output>
  <suite started-at="2025-08-17T21:15:11 IST" name="All Test Suite" finished-at="2025-08-17T21:15:17 IST" duration-ms="6042">
    <groups>
    </groups>
    <test started-at="2025-08-17T21:15:11 IST" name="C:/Users/ishag/IdeaProjects/MavenProject" finished-at="2025-08-17T21:15:17 IST" duration-ms="6042">
      <class name="testng.Parameterization">
        <test-method is-config="true" signature="prerequisit(java.lang.String)[pri:0, instance:testng.Parameterization@419c5f1a]" started-at="2025-08-17T21:15:11 IST" name="prerequisit" finished-at="2025-08-17T21:15:13 IST" duration-ms="2383" status="PASS">
          <params>
            <param index="0">
              <value>
                <![CDATA[chrome]]>
              </value>
            </param>
          </params>
          <reporter-output>
          </reporter-output>
        </test-method> <!-- prerequisit -->
        <test-method signature="test(java.lang.String,java.lang.String)[pri:0, instance:testng.Parameterization@419c5f1a]" started-at="2025-08-17T21:15:13 IST" name="test" finished-at="2025-08-17T21:15:17 IST" duration-ms="3613" status="PASS">
          <params>
            <param index="0">
              <value>
                <![CDATA[standard_user]]>
              </value>
            </param>
            <param index="1">
              <value>
                <![CDATA[secret_sauce]]>
              </value>
            </param>
          </params>
          <reporter-output>
          </reporter-output>
        </test-method> <!-- test -->
      </class> <!-- testng.Parameterization -->
    </test> <!-- C:/Users/ishag/IdeaProjects/MavenProject -->
  </suite> <!-- All Test Suite -->
</testng-results>
